#
# There is insufficient memory for the Java Runtime Environment to continue.
# Native memory allocation (malloc) failed to allocate 1048576 bytes. Error detail: AllocateHeap
# Possible reasons:
#   The system is out of physical RAM or swap space
#   This process is running with CompressedOops enabled, and the Java Heap may be blocking the growth of the native heap
# Possible solutions:
#   Reduce memory load on the system
#   Increase physical memory or swap space
#   Check if swap backing store is full
#   Decrease Java heap size (-Xmx/-Xms)
#   Decrease number of Java threads
#   Decrease Java thread stack sizes (-Xss)
#   Set larger code cache with -XX:ReservedCodeCacheSize=
#   JVM is running with Unscaled Compressed Oops mode in which the Java heap is
#     placed in the first 4GB address space. The Java Heap base address is the
#     maximum limit for the native heap growth. Please use -XX:HeapBaseMinAddress
#     to set the Java Heap base and to place the Java Heap above 4GB virtual address.
# This output file may be truncated or incomplete.
#
#  Out of Memory Error (allocation.cpp:42), pid=9524, tid=29988
#
# JRE version:  (25.0.2+10) (build )
# Java VM: Java HotSpot(TM) 64-Bit Server VM (25.0.2+10-LTS-69, mixed mode, sharing, tiered, compressed oops, compressed class ptrs, g1 gc, windows-amd64)
# No core dump will be written. Minidumps are not enabled by default on client versions of Windows
#

---------------  S U M M A R Y ------------

Command Line: -Dnet.bytebuddy.agent.attacher.dump= net.bytebuddy.agent.Attacher com.sun.tools.attach.VirtualMachine 37736 C:\Users\harry\.m2\repository\net\bytebuddy\byte-buddy-agent\1.17.8\byte-buddy-agent-1.17.8.jar false 

Host: 12th Gen Intel(R) Core(TM) i5-12450H, 12 cores, 7G,  Windows 11 , 64 bit Build 26100 (10.0.26100.8521)
Time: Fri Jul 10 23:53:46 2026 elapsed time: 1.017048 seconds (0d 0h 0m 1s)

---------------  T H R E A D  ---------------

Current thread (0x000001395f5286a0):  JavaThread "Unknown thread" [_thread_in_vm, id=29988, stack(0x000000293b000000,0x000000293b100000) (1024K)]

Stack: [0x000000293b000000,0x000000293b100000]
Native frames: (J=compiled Java code, j=interpreted, Vv=VM code, C=native code)
V  [jvm.dll+0x7a70f9]  (no source info available)
V  [jvm.dll+0x772d6d]  (no source info available)
V  [jvm.dll+0x965d53]  (no source info available)
V  [jvm.dll+0x968351]  (no source info available)
V  [jvm.dll+0x968a63]  (no source info available)
V  [jvm.dll+0x2fc846]  (no source info available)
V  [jvm.dll+0xf7487]  (no source info available)
V  [jvm.dll+0x3ca754]  (no source info available)
V  [jvm.dll+0x3c0da2]  (no source info available)
V  [jvm.dll+0x92cdf7]  (no source info available)
V  [jvm.dll+0x458f02]  (no source info available)
V  [jvm.dll+0x9107a2]  (no source info available)
V  [jvm.dll+0x4f9331]  (no source info available)
V  [jvm.dll+0x4fabc1]  (no source info available)
C  [jli.dll+0x543e]  (no source info available)
C  [ucrtbase.dll+0x2cd30]  (no source info available)
C  [KERNEL32.DLL+0x2e957]  (no source info available)
C  [ntdll.dll+0x87c1c]  (no source info available)

Lock stack of current Java thread (top to bottom):


---------------  P R O C E S S  ---------------

Threads class SMR info:
_java_thread_list=0x00007fff69705388, length=0, elements={
}

Java Threads: ( => current thread )
Total: 0

Other Threads:
  0x000001396195c5c0 WorkerThread "GC Thread#0"                     [id=10688, stack(0x000000293b100000,0x000000293b200000) (1024K)]

[error occurred during error reporting (printing all threads), id 0xc0000005, EXCEPTION_ACCESS_VIOLATION (0xc0000005) at pc=0x00007fff68ddfd90]
VM state: not at safepoint (not fully initialized)

VM Mutex/Monitor currently owned by a thread:  ([mutex/lock_event])
[0x00007fff69789768] Heap_lock - owner thread: 0x000001395f5286a0

Heap address: 0x0000000085200000, size: 1966 MB, Compressed Oops mode: 32-bit

CDS archive(s) mapped at: [0x0000000000000000-0x0000000000000000-0x0000000000000000), size 0, SharedBaseAddress: 0x0000000800000000, ArchiveRelocationMode: 1.
UseCompressedClassPointers 1, UseCompactObjectHeaders 0
Narrow klass pointer bits 32, Max shift 3
Narrow klass base: 0xffffffffffffffff, Narrow klass shift: -1
Encoding Range: [0xffffffffffffffff - 0x000000007fffffff), (2147483648 bytes)
Klass Range:    [0x0000000000000000 - 0x0000000000000000), (0 bytes)
Klass ID Range:  [4294967295 - 0) (1)
No protection zone.

GC Precious Log:
 CardTable entry size: 512
 Card Set container configuration: InlinePtr #cards 5 size 8 Array Of Cards #cards 10 size 36 Howl #buckets 4 coarsen threshold 1843 Howl Bitmap #cards 512 size 80 coarsen threshold 460 Card regions per heap region 1 cards per card region 2048

Heap:
 garbage-first heap   total reserved 2013184K, committed 0K, used 0K [0x0000000085200000, 0x0000000100000000)
  region size 1024K, 0 young (0K), 0 survivors (0K)

Heap Regions: E=young(eden), S=young(survivor), O=old, HS=humongous(starts), HC=humongous(continues), CS=collection set, F=free, TAMS=top-at-mark-start, PB=parsable bottom

Card table byte_map: [0x0000013979ac0000,0x0000013979ea0000] _byte_map_base: 0x0000013979697000

GC Heap Usage History (0 events):
No events

Metaspace Usage History (0 events):
No events

Dll operation events (1 events):
Event: 0.009 Loaded shared library C:\Program Files\Java\jdk-25.0.2\bin\java.dll

Deoptimization events (0 events):
No events

Classes loaded (0 events):
No events

Classes unloaded (0 events):
No events

Classes redefined (0 events):
No events

Internal exceptions (0 events):
No events

VM Operations (0 events):
No events

Memory protections (0 events):
No events

Nmethod flushes (0 events):
No events

Events (0 events):
No events


Dynamic libraries:
0x00007ff67ab10000 - 0x00007ff67ab20000 	C:\Program Files\Java\jdk-25.0.2\bin\java.exe
0x00007ff873140000 - 0x00007ff8733a6000 	C:\WINDOWS\SYSTEM32\ntdll.dll
0x00007ff871ef0000 - 0x00007ff871fb9000 	C:\WINDOWS\System32\KERNEL32.DLL
0x00007ff870850000 - 0x00007ff870c4a000 	C:\WINDOWS\System32\KERNELBASE.dll
0x00007ff870500000 - 0x00007ff87064c000 	C:\WINDOWS\System32\ucrtbase.dll
0x00007ff85b550000 - 0x00007ff85b567000 	C:\Program Files\Java\jdk-25.0.2\bin\jli.dll
0x00007ff85cbd0000 - 0x00007ff85cbee000 	C:\Program Files\Java\jdk-25.0.2\bin\VCRUNTIME140.dll
0x00007ff871fc0000 - 0x00007ff872187000 	C:\WINDOWS\System32\USER32.dll
0x00007ff870d00000 - 0x00007ff870d27000 	C:\WINDOWS\System32\win32u.dll
0x00007ff871ec0000 - 0x00007ff871eeb000 	C:\WINDOWS\System32\GDI32.dll
0x00007ff84cb40000 - 0x00007ff84cdd2000 	C:\WINDOWS\WinSxS\amd64_microsoft.windows.common-controls_6595b64144ccf1df_6.0.26100.8521_none_3e08b75ce33403b3\COMCTL32.dll
0x00007ff8703d0000 - 0x00007ff8704fb000 	C:\WINDOWS\System32\gdi32full.dll
0x00007ff873050000 - 0x00007ff8730f9000 	C:\WINDOWS\System32\msvcrt.dll
0x00007ff870c50000 - 0x00007ff870cf3000 	C:\WINDOWS\System32\msvcp_win.dll
0x00007ff871030000 - 0x00007ff871062000 	C:\WINDOWS\System32\IMM32.DLL
0x00007ff868dc0000 - 0x00007ff868dcc000 	C:\Program Files\Java\jdk-25.0.2\bin\vcruntime140_1.dll
0x00007ffffe6e0000 - 0x00007ffffe76d000 	C:\Program Files\Java\jdk-25.0.2\bin\msvcp140.dll
0x00007fff68a10000 - 0x00007fff6986f000 	C:\Program Files\Java\jdk-25.0.2\bin\server\jvm.dll
0x00007ff8719a0000 - 0x00007ff871a56000 	C:\WINDOWS\System32\ADVAPI32.dll
0x00007ff872390000 - 0x00007ff87243a000 	C:\WINDOWS\System32\sechost.dll
0x00007ff872190000 - 0x00007ff8722a8000 	C:\WINDOWS\System32\RPCRT4.dll
0x00007ff872e60000 - 0x00007ff872ee0000 	C:\WINDOWS\System32\WS2_32.dll
0x00007ff870230000 - 0x00007ff87028e000 	C:\WINDOWS\SYSTEM32\POWRPROF.dll
0x00007ff864c10000 - 0x00007ff864c1b000 	C:\WINDOWS\SYSTEM32\VERSION.dll
0x00007ff8631d0000 - 0x00007ff863206000 	C:\WINDOWS\SYSTEM32\WINMM.dll
0x00007ff870210000 - 0x00007ff870224000 	C:\WINDOWS\SYSTEM32\UMPDC.dll
0x00007ff86f160000 - 0x00007ff86f17b000 	C:\WINDOWS\SYSTEM32\kernel.appcore.dll
0x00007ff865c30000 - 0x00007ff865c3a000 	C:\Program Files\Java\jdk-25.0.2\bin\jimage.dll
0x00007ff86d360000 - 0x00007ff86d5a2000 	C:\WINDOWS\SYSTEM32\DBGHELP.DLL
0x00007ff872ad0000 - 0x00007ff872e53000 	C:\WINDOWS\System32\combase.dll
0x00007ff8722b0000 - 0x00007ff872389000 	C:\WINDOWS\System32\OLEAUT32.dll
0x00007ff844140000 - 0x00007ff84417b000 	C:\WINDOWS\SYSTEM32\dbgcore.DLL
0x00007ff8707a0000 - 0x00007ff870848000 	C:\WINDOWS\System32\bcryptPrimitives.dll
0x00007ff856730000 - 0x00007ff85674f000 	C:\Program Files\Java\jdk-25.0.2\bin\java.dll
0x00007ff871cb0000 - 0x00007ff871e48000 	C:\WINDOWS\System32\ole32.dll
0x00007ff871080000 - 0x00007ff871804000 	C:\WINDOWS\System32\SHELL32.dll

JVMTI agents: none

dbghelp: loaded successfully - version: 4.0.5 - missing functions: none
symbol engine: initialized successfully - sym options: 0x614 - pdb path: .;C:\Program Files\Java\jdk-25.0.2\bin;C:\WINDOWS\SYSTEM32;C:\WINDOWS\WinSxS\amd64_microsoft.windows.common-controls_6595b64144ccf1df_6.0.26100.8521_none_3e08b75ce33403b3;C:\Program Files\Java\jdk-25.0.2\bin\server

VM Arguments:
jvm_args: -Dnet.bytebuddy.agent.attacher.dump= 
java_command: net.bytebuddy.agent.Attacher com.sun.tools.attach.VirtualMachine 37736 C:\Users\harry\.m2\repository\net\bytebuddy\byte-buddy-agent\1.17.8\byte-buddy-agent-1.17.8.jar false 
java_class_path (initial): C:\Users\harry\.m2\repository\net\bytebuddy\byte-buddy-agent\1.17.8\byte-buddy-agent-1.17.8.jar
Launcher Type: SUN_STANDARD

[Global flags]
     intx CICompilerCount                          = 4                                         {product} {ergonomic}
     uint ConcGCThreads                            = 3                                         {product} {ergonomic}
     uint G1ConcRefinementThreads                  = 10                                        {product} {ergonomic}
   size_t G1HeapRegionSize                         = 1048576                                   {product} {ergonomic}
   size_t InitialHeapSize                          = 130023424                                 {product} {ergonomic}
   size_t MarkStackSize                            = 4194304                                   {product} {ergonomic}
   size_t MarkStackSizeMax                         = 536870912                                 {product} {ergonomic}
   size_t MaxHeapSize                              = 2061500416                                {product} {ergonomic}
   size_t MinHeapDeltaBytes                        = 1048576                                   {product} {ergonomic}
   size_t MinHeapSize                              = 8388608                                   {product} {ergonomic}
    uintx NonNMethodCodeHeapSize                   = 5832704                                {pd product} {ergonomic}
    uintx NonProfiledCodeHeapSize                  = 122945536                              {pd product} {ergonomic}
    uintx ProfiledCodeHeapSize                     = 122880000                              {pd product} {ergonomic}
    uintx ReservedCodeCacheSize                    = 251658240                              {pd product} {ergonomic}
     bool SegmentedCodeCache                       = true                                      {product} {ergonomic}
   size_t SoftMaxHeapSize                          = 2061500416                             {manageable} {ergonomic}
     bool UseCompressedOops                        = true                           {product lp64_product} {ergonomic}
     bool UseG1GC                                  = true                                      {product} {ergonomic}
     bool UseLargePagesIndividualAllocation        = false                                  {pd product} {ergonomic}

Logging:
Log output configuration:
 #0: stdout all=warning uptime,level,tags foldmultilines=false
 #1: stderr all=off uptime,level,tags foldmultilines=false

Release file:
<release file has not been read>
Environment Variables:
PATH=C:\Users\harry\bin;C:\Program Files\Git\mingw64\bin;C:\Program Files\Git\usr\local\bin;C:\Program Files\Git\usr\bin;C:\Program Files\Git\usr\bin;C:\Program Files\Git\mingw64\bin;C:\Program Files\Git\usr\bin;C:\Users\harry\bin;C:\Program Files\Common Files\Oracle\Java\javapath;C:\Program Files (x86)\Common Files\Oracle\Java\java8path;C:\Program Files (x86)\Common Files\Oracle\Java\javapath;C:\windows\system32;C:\windows;C:\windows\System32\Wbem;C:\windows\System32\WindowsPowerShell\v1.0;C:\windows\System32\OpenSSH;C:\Program Files (x86)\NVIDIA Corporation\PhysX\Common;C:\Program Files\NVIDIA Corporation\NVIDIA NvDLISR;C:\WINDOWS\system32;C:\WINDOWS;C:\WINDOWS\System32\Wbem;C:\WINDOWS\System32\WindowsPowerShell\v1.0;C:\WINDOWS\System32\OpenSSH;C:\Program Files\cursor\resources\app\bin;C:\Program Files\Git\cmd;C:\Program Files\MySQL\MySQL Shell 8.0\bin;C:\Users\harry\AppData\Local\Programs\Python\Python314\Scripts;C:\Users\harry\AppData\Local\Programs\Python\Python314;C:\Users\harry\AppData\Local\Microsoft\WindowsApps;C:\Users\harry\AppData\Local\Python\bin;C:\Users\harry\AppData\Local\Programs\cursor\resources\app\bin;C:\Users\harry\AppData\Local\Programs\Microsoft VS Code\bin;C:\Program Files\MySQL\MySQL Server 8.0\bin;C:\Program Files\MySQL\MySQL Shell 8.0\bin;C:\Users\harry\AppData\Local\Programs\Python\Python314\Scripts;C:\Users\harry\AppData\Local\Programs\Python\Python314;C:\Users\harry\AppData\Local\Microsoft\WindowsApps;C:\Users\harry\AppData\Local\Python\bin;C:\Users\harry\AppData\Local\Programs\cursor\resources\app\bin;C:\Users\harry\AppData\Local\Programs\Microsoft VS Code\bin;C:\maven\apache-maven-3.9.6\bin;C:\Users\harry\AppData\Local\Microsoft\WinGet\Packages\Ngrok.Ngrok_Microsoft.Winget.Source_8wekyb3d8bbwe;C:\Program Files\JetBrains\IntelliJ IDEA 2026.1.3\bin;C:\Program Files\Git\usr\bin\vendor_perl;C:\Program Files\Git\usr\bin\core_perl
USERNAME=harry
SHELL=C:\Program Files\Git\bin\bash.exe
TERM=xterm-256color
OS=Windows_NT
PROCESSOR_IDENTIFIER=Intel64 Family 6 Model 154 Stepping 3, GenuineIntel
TMP=C:\Users\harry\AppData\Local\Temp
TEMP=C:\Users\harry\AppData\Local\Temp




Compilation memory statistics disabled.

Periodic native trim disabled

---------------  S Y S T E M  ---------------

OS:
 Windows 11 , 64 bit Build 26100 (10.0.26100.8521)
OS uptime: 8 days 2:50 hours
Hyper-V role detected

CPU: total 12 (initial active 12) (6 cores per cpu, 2 threads per core) family 6 model 154 stepping 3 microcode 0x434, cx8, cmov, fxsr, ht, mmx, 3dnowpref, sse, sse2, sse3, ssse3, sse4.1, sse4.2, popcnt, lzcnt, tsc, tscinvbit, avx, avx2, aes, erms, clmul, bmi1, bmi2, adx, sha, fma, vzeroupper, clflush, clflushopt, clwb, hv, serialize, rdtscp, rdpid, fsrm, gfni, f16c, cet_ibt, cet_ss
Processor Information for the first 12 processors :
  Max Mhz: 2000, Current Mhz: 2000, Mhz Limit: 2000

Memory: 4k page, system-wide physical 7860M (368M free)
TotalPageFile size 32436M (AvailPageFile size 0M)
current process WorkingSet (physical memory assigned to process): 13M, peak: 13M
current process commit charge ("private bytes"): 62M, peak: 62M

vm_info: Java HotSpot(TM) 64-Bit Server VM (25.0.2+10-LTS-69) for windows-amd64 JRE (25.0.2+10-LTS-69), built on 2025-12-18T11:36:35Z with MS VC++ 17.13 (VS2022)

END.
